Determining if the pthread_create exist failed with the following output:
Change Dir: /home/cs4752/tmp/ros-play/catkin_ws/build/CMakeFiles/CMakeTmp

Run Build Command:/usr/bin/make "cmTryCompileExec3722149303/fast"
/usr/bin/make -f CMakeFiles/cmTryCompileExec3722149303.dir/build.make CMakeFiles/cmTryCompileExec3722149303.dir/build
make[1]: Entering directory `/home/cs4752/tmp/ros-play/catkin_ws/build/CMakeFiles/CMakeTmp'
/usr/bin/cmake -E cmake_progress_report /home/cs4752/tmp/ros-play/catkin_ws/build/CMakeFiles/CMakeTmp/CMakeFiles 1
Building C object CMakeFiles/cmTryCompileExec3722149303.dir/CheckSymbolExists.c.o
/usr/bin/cc    -o CMakeFiles/cmTryCompileExec3722149303.dir/CheckSymbolExists.c.o   -c /home/cs4752/tmp/ros-play/catkin_ws/build/CMakeFiles/CMakeTmp/CheckSymbolExists.c
Linking C executable cmTryCompileExec3722149303
/usr/bin/cmake -E cmake_link_script CMakeFiles/cmTryCompileExec3722149303.dir/link.txt --verbose=1
/usr/bin/cc       CMakeFiles/cmTryCompileExec3722149303.dir/CheckSymbolExists.c.o  -o cmTryCompileExec3722149303 -rdynamic 
CMakeFiles/cmTryCompileExec3722149303.dir/CheckSymbolExists.c.o: In function `main':
CheckSymbolExists.c:(.text+0x16): undefined reference to `pthread_create'
collect2: error: ld returned 1 exit status
make[1]: Leaving directory `/home/cs4752/tmp/ros-play/catkin_ws/build/CMakeFiles/CMakeTmp'
make[1]: *** [cmTryCompileExec3722149303] Error 1
make: *** [cmTryCompileExec3722149303/fast] Error 2

File /home/cs4752/tmp/ros-play/catkin_ws/build/CMakeFiles/CMakeTmp/CheckSymbolExists.c:
/* */
#include <pthread.h>

int main(int argc, char** argv)
{
  (void)argv;
#ifndef pthread_create
  return ((int*)(&pthread_create))[argc];
#else
  (void)argc;
  return 0;
#endif
}

Determining if the function pthread_create exists in the pthreads failed with the following output:
Change Dir: /home/cs4752/tmp/ros-play/catkin_ws/build/CMakeFiles/CMakeTmp

Run Build Command:/usr/bin/make "cmTryCompileExec3057799847/fast"
/usr/bin/make -f CMakeFiles/cmTryCompileExec3057799847.dir/build.make CMakeFiles/cmTryCompileExec3057799847.dir/build
make[1]: Entering directory `/home/cs4752/tmp/ros-play/catkin_ws/build/CMakeFiles/CMakeTmp'
/usr/bin/cmake -E cmake_progress_report /home/cs4752/tmp/ros-play/catkin_ws/build/CMakeFiles/CMakeTmp/CMakeFiles 1
Building C object CMakeFiles/cmTryCompileExec3057799847.dir/CheckFunctionExists.c.o
/usr/bin/cc   -DCHECK_FUNCTION_EXISTS=pthread_create   -o CMakeFiles/cmTryCompileExec3057799847.dir/CheckFunctionExists.c.o   -c /usr/share/cmake-2.8/Modules/CheckFunctionExists.c
Linking C executable cmTryCompileExec3057799847
/usr/bin/cmake -E cmake_link_script CMakeFiles/cmTryCompileExec3057799847.dir/link.txt --verbose=1
/usr/bin/cc   -DCHECK_FUNCTION_EXISTS=pthread_create    CMakeFiles/cmTryCompileExec3057799847.dir/CheckFunctionExists.c.o  -o cmTryCompileExec3057799847 -rdynamic -lpthreads 
/usr/bin/ld: cannot find -lpthreads
collect2: error: ld returned 1 exit status
make[1]: Leaving directory `/home/cs4752/tmp/ros-play/catkin_ws/build/CMakeFiles/CMakeTmp'
make[1]: *** [cmTryCompileExec3057799847] Error 1
make: *** [cmTryCompileExec3057799847/fast] Error 2


